[DEBUG] 2024-11-09 12:36:00.052 [main] - This is a debug message.
[INFO ] 2024-11-09 12:36:00.054 [main] - This is an info message.
[WARN ] 2024-11-09 12:36:00.054 [main] - This is a warning message.
[ERROR] 2024-11-09 12:36:00.054 [main] - This is an error message.
[FATAL] 2024-11-09 12:36:00.054 [main] - This is a fatal message.
[DEBUG] 2024-11-09 12:42:07.620 [main] - This is a debug messagess.
[INFO ] 2024-11-09 12:42:07.622 [main] - This is an info messagess.
[WARN ] 2024-11-09 12:42:07.622 [main] - This is a warning messagess.
[ERROR] 2024-11-09 12:42:07.622 [main] - This is an error messagess.
[FATAL] 2024-11-09 12:42:07.622 [main] - This is a fatal messagess.
[DEBUG] 2024-11-09 14:51:19.681 [main] - Parsing relationship: /xl/_rels/workbook.xml.rels
[DEBUG] 2024-11-09 14:51:19.685 [main] - Parsing relationship: /_rels/.rels
[DEBUG] 2024-11-09 14:51:52.621 [main] - Parsing relationship: /xl/_rels/workbook.xml.rels
[DEBUG] 2024-11-09 14:51:52.624 [main] - Parsing relationship: /_rels/.rels
[DEBUG] 2024-11-09 14:54:02.809 [main] - Parsing relationship: /xl/_rels/workbook.xml.rels
[DEBUG] 2024-11-09 14:54:02.813 [main] - Parsing relationship: /_rels/.rels
[DEBUG] 2024-11-09 14:59:35.807 [main] - Parsing relationship: /xl/_rels/workbook.xml.rels
[DEBUG] 2024-11-09 14:59:35.879 [main] - Parsing relationship: /_rels/.rels
[DEBUG] 2024-11-09 14:59:36.286 [main] - Parsing relationship: /xl/_rels/workbook.xml.rels
[DEBUG] 2024-11-09 14:59:36.290 [main] - Parsing relationship: /_rels/.rels
[DEBUG] 2024-11-09 15:00:12.484 [main] - Parsing relationship: /xl/_rels/workbook.xml.rels
[DEBUG] 2024-11-09 15:00:12.488 [main] - Parsing relationship: /_rels/.rels
[DEBUG] 2024-11-09 15:00:12.869 [main] - Parsing relationship: /xl/_rels/workbook.xml.rels
[DEBUG] 2024-11-09 15:00:12.871 [main] - Parsing relationship: /_rels/.rels
[DEBUG] 2024-11-09 15:00:39.533 [main] - Parsing relationship: /xl/_rels/workbook.xml.rels
[DEBUG] 2024-11-09 15:00:39.538 [main] - Parsing relationship: /_rels/.rels
[DEBUG] 2024-11-09 15:00:39.928 [main] - Parsing relationship: /xl/_rels/workbook.xml.rels
[DEBUG] 2024-11-09 15:00:39.929 [main] - Parsing relationship: /_rels/.rels
[DEBUG] 2024-11-09 15:00:59.454 [main] - Parsing relationship: /xl/_rels/workbook.xml.rels
[DEBUG] 2024-11-09 15:00:59.459 [main] - Parsing relationship: /_rels/.rels
[DEBUG] 2024-11-09 15:00:59.830 [main] - Parsing relationship: /xl/_rels/workbook.xml.rels
[DEBUG] 2024-11-09 15:00:59.832 [main] - Parsing relationship: /_rels/.rels
[DEBUG] 2024-11-09 15:03:47.367 [main] - Parsing relationship: /xl/_rels/workbook.xml.rels
[DEBUG] 2024-11-09 15:03:47.375 [main] - Parsing relationship: /_rels/.rels
[DEBUG] 2024-11-09 15:03:47.807 [main] - Parsing relationship: /xl/_rels/workbook.xml.rels
[DEBUG] 2024-11-09 15:03:47.808 [main] - Parsing relationship: /_rels/.rels
[DEBUG] 2024-11-09 15:04:25.782 [main] - Parsing relationship: /xl/_rels/workbook.xml.rels
[DEBUG] 2024-11-09 15:04:25.787 [main] - Parsing relationship: /_rels/.rels
[DEBUG] 2024-11-09 15:04:26.159 [main] - Parsing relationship: /xl/_rels/workbook.xml.rels
[DEBUG] 2024-11-09 15:04:26.160 [main] - Parsing relationship: /_rels/.rels
[DEBUG] 2024-11-09 15:04:26.189 [main] - Parsing relationship: /xl/_rels/workbook.xml.rels
[DEBUG] 2024-11-09 15:04:26.190 [main] - Parsing relationship: /_rels/.rels
[DEBUG] 2024-11-09 15:16:33.789 [main] - Parsing relationship: /xl/_rels/workbook.xml.rels
[DEBUG] 2024-11-09 15:16:33.795 [main] - Parsing relationship: /_rels/.rels
[DEBUG] 2024-11-09 15:33:36.884 [main] - Parsing relationship: /xl/_rels/workbook.xml.rels
[DEBUG] 2024-11-09 15:33:36.888 [main] - Parsing relationship: /_rels/.rels
[DEBUG] 2024-11-09 15:34:09.935 [main] - Parsing relationship: /xl/_rels/workbook.xml.rels
[DEBUG] 2024-11-09 15:34:09.942 [main] - Parsing relationship: /_rels/.rels
[DEBUG] 2024-11-09 15:59:43.083 [main] - Parsing relationship: /xl/_rels/workbook.xml.rels
[DEBUG] 2024-11-09 15:59:43.087 [main] - Parsing relationship: /_rels/.rels
[DEBUG] 2024-11-09 16:00:30.161 [main] - Parsing relationship: /xl/_rels/workbook.xml.rels
[DEBUG] 2024-11-09 16:00:30.166 [main] - Parsing relationship: /_rels/.rels
[DEBUG] 2024-11-09 16:03:13.306 [main] - Parsing relationship: /xl/_rels/workbook.xml.rels
[DEBUG] 2024-11-09 16:03:13.311 [main] - Parsing relationship: /_rels/.rels
[DEBUG] 2024-11-09 16:18:05.704 [main] - Parsing relationship: /xl/_rels/workbook.xml.rels
[DEBUG] 2024-11-09 16:18:05.709 [main] - Parsing relationship: /xl/worksheets/_rels/sheet1.xml.rels
[DEBUG] 2024-11-09 16:18:05.710 [main] - Parsing relationship: /_rels/.rels
[DEBUG] 2024-11-09 16:19:19.367 [main] - Parsing relationship: /xl/_rels/workbook.xml.rels
[DEBUG] 2024-11-09 16:19:19.373 [main] - Parsing relationship: /xl/worksheets/_rels/sheet1.xml.rels
[DEBUG] 2024-11-09 16:19:19.374 [main] - Parsing relationship: /_rels/.rels
[DEBUG] 2024-11-09 16:20:01.309 [main] - Parsing relationship: /xl/_rels/workbook.xml.rels
[DEBUG] 2024-11-09 16:20:01.316 [main] - Parsing relationship: /xl/worksheets/_rels/sheet1.xml.rels
[DEBUG] 2024-11-09 16:20:01.318 [main] - Parsing relationship: /_rels/.rels
[DEBUG] 2024-11-09 16:21:35.660 [main] - Parsing relationship: /xl/_rels/workbook.xml.rels
[DEBUG] 2024-11-09 16:21:35.665 [main] - Parsing relationship: /xl/worksheets/_rels/sheet1.xml.rels
[DEBUG] 2024-11-09 16:21:35.667 [main] - Parsing relationship: /_rels/.rels
[DEBUG] 2024-11-09 16:22:41.715 [main] - Parsing relationship: /xl/_rels/workbook.xml.rels
[DEBUG] 2024-11-09 16:22:41.720 [main] - Parsing relationship: /xl/worksheets/_rels/sheet1.xml.rels
[DEBUG] 2024-11-09 16:22:41.722 [main] - Parsing relationship: /_rels/.rels
[DEBUG] 2024-11-09 16:32:20.943 [main] - Parsing relationship: /xl/_rels/workbook.xml.rels
[DEBUG] 2024-11-09 16:32:20.950 [main] - Parsing relationship: /xl/worksheets/_rels/sheet1.xml.rels
[DEBUG] 2024-11-09 16:32:20.952 [main] - Parsing relationship: /_rels/.rels
[DEBUG] 2024-11-09 16:35:34.550 [main] - Parsing relationship: /xl/_rels/workbook.xml.rels
[DEBUG] 2024-11-09 16:35:34.556 [main] - Parsing relationship: /xl/worksheets/_rels/sheet1.xml.rels
[DEBUG] 2024-11-09 16:35:34.559 [main] - Parsing relationship: /_rels/.rels
[DEBUG] 2024-11-14 11:07:30.130 [main] - Parsing relationship: /xl/_rels/workbook.xml.rels
[DEBUG] 2024-11-14 11:07:30.135 [main] - Parsing relationship: /xl/worksheets/_rels/sheet1.xml.rels
[DEBUG] 2024-11-14 11:07:30.137 [main] - Parsing relationship: /_rels/.rels
